<?xml version="1.0" encoding="UTF-8"?>
<!-- Generated by org.testng.reporters.JUnitXMLReporter -->
<testsuite ignored="0" hostname="Kiran" failures="0" tests="5" name="Default test" time="6.441" errors="0" timestamp="2024-10-26T08:43:08 IST">
  <testcase classname="com.vtiger.comcast.genericutility.library.BaseClass" name="@BeforeClass beforeClassConfiguration" time="6.207">
    <failure type="org.openqa.selenium.SessionNotCreatedException" message="session not created: This version of ChromeDriver only supports Chrome version 119
Current browser version is 130.0.6723.70 with binary path C:\Program Files\Google\Chrome\Application\chrome.exe
Build info: version: &amp;apos;3.141.59&amp;apos;, revision: &amp;apos;e82be7d358&amp;apos;, time: &amp;apos;2018-11-14T08:17:03&amp;apos;
System info: host: &amp;apos;KIRAN&amp;apos;, ip: &amp;apos;192.168.31.144&amp;apos;, os.name: &amp;apos;Windows 10&amp;apos;, os.arch: &amp;apos;amd64&amp;apos;, os.version: &amp;apos;10.0&amp;apos;, java.version: &amp;apos;11.0.17&amp;apos;
Driver info: driver.version: ChromeDriver
remote stacktrace: 	GetHandleVerifier [0x00007FF6481582B2+55298]
	(No symbol) [0x00007FF6480C5E02]
	(No symbol) [0x00007FF647F805AB]
	(No symbol) [0x00007FF647FB3E72]
	(No symbol) [0x00007FF647FB32FE]
	(No symbol) [0x00007FF647FAEC6C]
	(No symbol) [0x00007FF647FAB30E]
	(No symbol) [0x00007FF647FEA198]
	(No symbol) [0x00007FF647FE9CB0]
	(No symbol) [0x00007FF647FE1E83]
	(No symbol) [0x00007FF647FB670A]
	(No symbol) [0x00007FF647FB7964]
	GetHandleVerifier [0x00007FF6484D0AAB+3694587]
	GetHandleVerifier [0x00007FF64852728E+4048862]
	GetHandleVerifier [0x00007FF64851F173+4015811]
	GetHandleVerifier [0x00007FF6481F47D6+695590]
	(No symbol) [0x00007FF6480D0CE8]
	(No symbol) [0x00007FF6480CCF34]
	(No symbol) [0x00007FF6480CD062]
	(No symbol) [0x00007FF6480BD3A3]
	BaseThreadInitThunk [0x00007FFB2EFD7374+20]
	RtlUserThreadStart [0x00007FFB2F5FCC91+33]
">
      <![CDATA[org.openqa.selenium.SessionNotCreatedException: session not created: This version of ChromeDriver only supports Chrome version 119
Current browser version is 130.0.6723.70 with binary path C:\Program Files\Google\Chrome\Application\chrome.exe
Build info: version: '3.141.59', revision: 'e82be7d358', time: '2018-11-14T08:17:03'
System info: host: 'KIRAN', ip: '192.168.31.144', os.name: 'Windows 10', os.arch: 'amd64', os.version: '10.0', java.version: '11.0.17'
Driver info: driver.version: ChromeDriver
remote stacktrace: GetHandleVerifier [0x00007FF6481582B2+55298]
(No symbol) [0x00007FF6480C5E02]
(No symbol) [0x00007FF647F805AB]
(No symbol) [0x00007FF647FB3E72]
(No symbol) [0x00007FF647FB32FE]
(No symbol) [0x00007FF647FAEC6C]
(No symbol) [0x00007FF647FAB30E]
(No symbol) [0x00007FF647FEA198]
(No symbol) [0x00007FF647FE9CB0]
(No symbol) [0x00007FF647FE1E83]
(No symbol) [0x00007FF647FB670A]
(No symbol) [0x00007FF647FB7964]
GetHandleVerifier [0x00007FF6484D0AAB+3694587]
GetHandleVerifier [0x00007FF64852728E+4048862]
GetHandleVerifier [0x00007FF64851F173+4015811]
GetHandleVerifier [0x00007FF6481F47D6+695590]
(No symbol) [0x00007FF6480D0CE8]
(No symbol) [0x00007FF6480CCF34]
(No symbol) [0x00007FF6480CD062]
(No symbol) [0x00007FF6480BD3A3]
BaseThreadInitThunk [0x00007FFB2EFD7374+20]
RtlUserThreadStart [0x00007FFB2F5FCC91+33]

at java.base/jdk.internal.reflect.NativeConstructorAccessorImpl.newInstance0(Native Method)
at java.base/jdk.internal.reflect.NativeConstructorAccessorImpl.newInstance(NativeConstructorAccessorImpl.java:62)
at java.base/jdk.internal.reflect.DelegatingConstructorAccessorImpl.newInstance(DelegatingConstructorAccessorImpl.java:45)
at java.base/java.lang.reflect.Constructor.newInstance(Constructor.java:490)
at org.openqa.selenium.remote.W3CHandshakeResponse.lambda$errorHandler$0(W3CHandshakeResponse.java:62)
at org.openqa.selenium.remote.HandshakeResponse.lambda$getResponseFunction$0(HandshakeResponse.java:30)
at org.openqa.selenium.remote.ProtocolHandshake.lambda$createSession$0(ProtocolHandshake.java:126)
at java.base/java.util.stream.ReferencePipeline$3$1.accept(ReferencePipeline.java:195)
at java.base/java.util.Spliterators$ArraySpliterator.tryAdvance(Spliterators.java:958)
at java.base/java.util.stream.ReferencePipeline.forEachWithCancel(ReferencePipeline.java:127)
at java.base/java.util.stream.AbstractPipeline.copyIntoWithCancel(AbstractPipeline.java:502)
at java.base/java.util.stream.AbstractPipeline.copyInto(AbstractPipeline.java:488)
at java.base/java.util.stream.AbstractPipeline.wrapAndCopyInto(AbstractPipeline.java:474)
at java.base/java.util.stream.FindOps$FindOp.evaluateSequential(FindOps.java:150)
at java.base/java.util.stream.AbstractPipeline.evaluate(AbstractPipeline.java:234)
at java.base/java.util.stream.ReferencePipeline.findFirst(ReferencePipeline.java:543)
at org.openqa.selenium.remote.ProtocolHandshake.createSession(ProtocolHandshake.java:128)
at org.openqa.selenium.remote.ProtocolHandshake.createSession(ProtocolHandshake.java:74)
at org.openqa.selenium.remote.HttpCommandExecutor.execute(HttpCommandExecutor.java:136)
at org.openqa.selenium.remote.service.DriverCommandExecutor.execute(DriverCommandExecutor.java:83)
at org.openqa.selenium.remote.RemoteWebDriver.execute(RemoteWebDriver.java:552)
at org.openqa.selenium.remote.RemoteWebDriver.startSession(RemoteWebDriver.java:213)
at org.openqa.selenium.remote.RemoteWebDriver.<init>(RemoteWebDriver.java:131)
at org.openqa.selenium.chrome.ChromeDriver.<init>(ChromeDriver.java:181)
at org.openqa.selenium.chrome.ChromeDriver.<init>(ChromeDriver.java:168)
at org.openqa.selenium.chrome.ChromeDriver.<init>(ChromeDriver.java:123)
at com.vtiger.comcast.genericutility.library.BaseClass.beforeClassConfiguration(BaseClass.java:28)
at java.base/jdk.internal.reflect.NativeMethodAccessorImpl.invoke0(Native Method)
at java.base/jdk.internal.reflect.NativeMethodAccessorImpl.invoke(NativeMethodAccessorImpl.java:62)
at java.base/jdk.internal.reflect.DelegatingMethodAccessorImpl.invoke(DelegatingMethodAccessorImpl.java:43)
at java.base/java.lang.reflect.Method.invoke(Method.java:566)
at org.testng.internal.MethodInvocationHelper.invokeMethod(MethodInvocationHelper.java:133)
at org.testng.internal.MethodInvocationHelper.invokeMethodConsideringTimeout(MethodInvocationHelper.java:62)
at org.testng.internal.ConfigInvoker.invokeConfigurationMethod(ConfigInvoker.java:385)
at org.testng.internal.ConfigInvoker.invokeConfigurations(ConfigInvoker.java:321)
at org.testng.internal.TestMethodWorker.invokeBeforeClassMethods(TestMethodWorker.java:176)
at org.testng.internal.TestMethodWorker.run(TestMethodWorker.java:122)
at java.base/java.util.ArrayList.forEach(ArrayList.java:1541)
at org.testng.TestRunner.privateRun(TestRunner.java:794)
at org.testng.TestRunner.run(TestRunner.java:596)
at org.testng.SuiteRunner.runTest(SuiteRunner.java:377)
at org.testng.SuiteRunner.runSequentially(SuiteRunner.java:371)
at org.testng.SuiteRunner.privateRun(SuiteRunner.java:332)
at org.testng.SuiteRunner.run(SuiteRunner.java:276)
at org.testng.SuiteRunnerWorker.runSuite(SuiteRunnerWorker.java:53)
at org.testng.SuiteRunnerWorker.run(SuiteRunnerWorker.java:96)
at org.testng.TestNG.runSuitesSequentially(TestNG.java:1212)
at org.testng.TestNG.runSuitesLocally(TestNG.java:1134)
at org.testng.TestNG.runSuites(TestNG.java:1063)
at org.testng.TestNG.run(TestNG.java:1031)
at org.testng.remote.AbstractRemoteTestNG.run(AbstractRemoteTestNG.java:115)
at org.testng.remote.RemoteTestNG.initAndRun(RemoteTestNG.java:251)
at org.testng.remote.RemoteTestNG.main(RemoteTestNG.java:77)
]]>
    </failure>
  </testcase> <!-- @BeforeClass beforeClassConfiguration -->
  <testcase classname="com.vtiger.comcast.genericutility.library.BaseClass" name="@BeforeMethod beforeMethodConfiguration" time="-1.729912387853E9">
    <skipped/>
  </testcase> <!-- @BeforeMethod beforeMethodConfiguration -->
  <testcase classname="com.vtiger.comcast.genericutility.library.BaseClass" name="@AfterMethod afterMethodConfiguration" time="-1.72991238787E9">
    <skipped/>
  </testcase> <!-- @AfterMethod afterMethodConfiguration -->
  <testcase classname="com.vtiger.comcast.genericutility.library.BaseClass" name="@BeforeMethod beforeMethodConfiguration" time="-1.729912387884E9">
    <skipped/>
  </testcase> <!-- @BeforeMethod beforeMethodConfiguration -->
  <testcase classname="com.vtiger.comcast.genericutility.library.BaseClass" name="@AfterMethod afterMethodConfiguration" time="-1.729912387896E9">
    <skipped/>
  </testcase> <!-- @AfterMethod afterMethodConfiguration -->
  <testcase classname="com.vtiger.comcast.genericutility.library.BaseClass" name="@BeforeMethod beforeMethodConfiguration" time="-1.729912387898E9">
    <skipped/>
  </testcase> <!-- @BeforeMethod beforeMethodConfiguration -->
  <testcase classname="com.vtiger.comcast.genericutility.library.BaseClass" name="@AfterMethod afterMethodConfiguration" time="-1.729912387909E9">
    <skipped/>
  </testcase> <!-- @AfterMethod afterMethodConfiguration -->
  <testcase classname="com.vtiger.comcast.genericutility.library.BaseClass" name="@BeforeMethod beforeMethodConfiguration" time="-1.729912387911E9">
    <skipped/>
  </testcase> <!-- @BeforeMethod beforeMethodConfiguration -->
  <testcase classname="com.vtiger.comcast.genericutility.library.BaseClass" name="@AfterMethod afterMethodConfiguration" time="-1.729912387925E9">
    <skipped/>
  </testcase> <!-- @AfterMethod afterMethodConfiguration -->
  <testcase classname="com.vtiger.comcast.genericutility.library.BaseClass" name="@BeforeMethod beforeMethodConfiguration" time="-1.72991238795E9">
    <skipped/>
  </testcase> <!-- @BeforeMethod beforeMethodConfiguration -->
  <testcase classname="com.vtiger.comcast.genericutility.library.BaseClass" name="@AfterMethod afterMethodConfiguration" time="-1.729912387996E9">
    <skipped/>
  </testcase> <!-- @AfterMethod afterMethodConfiguration -->
  <testcase classname="com.vtiger.comcast.genericutility.library.BaseClass" name="@AfterClass afterClassConfiguration" time="-1.729912388005E9">
    <skipped/>
  </testcase> <!-- @AfterClass afterClassConfiguration -->
  <testcase classname="contact.CreateContactTest" name="CreatingContactwithAssignedToAdministratorTest" time="0.0">
    <skipped/>
  </testcase> <!-- CreatingContactwithAssignedToAdministratorTest -->
  <testcase classname="contact.CreateContactTest" name="CreatingContactwithAssignedToMarketingGroupTest" time="0.0">
    <skipped/>
  </testcase> <!-- CreatingContactwithAssignedToMarketingGroupTest -->
  <testcase classname="contact.CreateContactTest" name="CreatingContactwithAssignedToSupportGroupTest" time="0.0">
    <skipped/>
  </testcase> <!-- CreatingContactwithAssignedToSupportGroupTest -->
  <testcase classname="contact.CreateContactTest" name="CreatingContactwithAssignedToTeamSellingGroupTest" time="0.0">
    <skipped/>
  </testcase> <!-- CreatingContactwithAssignedToTeamSellingGroupTest -->
  <testcase classname="contact.CreateContactTest" name="CreatingContactwithLeadSource" time="0.0">
    <skipped/>
  </testcase> <!-- CreatingContactwithLeadSource -->
</testsuite> <!-- Default test -->
