<?xml version="1.0" encoding="UTF-8"?>
<testng-results ignored="0" total="5" passed="0" failed="0" skipped="5">
  <reporter-output>
  </reporter-output>
  <suite started-at="2024-10-26T08:43:01 IST" name="Default suite" finished-at="2024-10-26T08:43:08 IST" duration-ms="6441">
    <groups>
      <group name="smoke-testing">
        <method signature="CreateContactTest.CreatingContactwithLeadSource()[pri:0, instance:contact.CreateContactTest@543588e6]" name="CreatingContactwithLeadSource" class="contact.CreateContactTest"/>
      </group> <!-- smoke-testing -->
      <group name="regression-testing">
        <method signature="CreateContactTest.CreatingContactwithAssignedToAdministratorTest()[pri:0, instance:contact.CreateContactTest@543588e6]" name="CreatingContactwithAssignedToAdministratorTest" class="contact.CreateContactTest"/>
        <method signature="CreateContactTest.CreatingContactwithAssignedToMarketingGroupTest()[pri:0, instance:contact.CreateContactTest@543588e6]" name="CreatingContactwithAssignedToMarketingGroupTest" class="contact.CreateContactTest"/>
        <method signature="CreateContactTest.CreatingContactwithAssignedToSupportGroupTest()[pri:0, instance:contact.CreateContactTest@543588e6]" name="CreatingContactwithAssignedToSupportGroupTest" class="contact.CreateContactTest"/>
        <method signature="CreateContactTest.CreatingContactwithAssignedToTeamSellingGroupTest()[pri:0, instance:contact.CreateContactTest@543588e6]" name="CreatingContactwithAssignedToTeamSellingGroupTest" class="contact.CreateContactTest"/>
        <method signature="CreateContactTest.CreatingContactwithLeadSource()[pri:0, instance:contact.CreateContactTest@543588e6]" name="CreatingContactwithLeadSource" class="contact.CreateContactTest"/>
      </group> <!-- regression-testing -->
    </groups>
    <test started-at="2024-10-26T08:43:01 IST" name="Default test" finished-at="2024-10-26T08:43:08 IST" duration-ms="6441">
      <class name="contact.CreateContactTest">
        <test-method is-config="true" signature="beforeClassConfiguration()[pri:0, instance:contact.CreateContactTest@543588e6]" started-at="2024-10-26T08:43:01 IST" name="beforeClassConfiguration" finished-at="2024-10-26T08:43:07 IST" duration-ms="6207" status="FAIL">
          <exception class="org.openqa.selenium.SessionNotCreatedException">
            <message>
              <![CDATA[session not created: This version of ChromeDriver only supports Chrome version 119
Current browser version is 130.0.6723.70 with binary path C:\Program Files\Google\Chrome\Application\chrome.exe
Build info: version: '3.141.59', revision: 'e82be7d358', time: '2018-11-14T08:17:03'
System info: host: 'KIRAN', ip: '192.168.31.144', os.name: 'Windows 10', os.arch: 'amd64', os.version: '10.0', java.version: '11.0.17'
Driver info: driver.version: ChromeDriver
remote stacktrace: GetHandleVerifier [0x00007FF6481582B2+55298]
(No symbol) [0x00007FF6480C5E02]
(No symbol) [0x00007FF647F805AB]
(No symbol) [0x00007FF647FB3E72]
(No symbol) [0x00007FF647FB32FE]
(No symbol) [0x00007FF647FAEC6C]
(No symbol) [0x00007FF647FAB30E]
(No symbol) [0x00007FF647FEA198]
(No symbol) [0x00007FF647FE9CB0]
(No symbol) [0x00007FF647FE1E83]
(No symbol) [0x00007FF647FB670A]
(No symbol) [0x00007FF647FB7964]
GetHandleVerifier [0x00007FF6484D0AAB+3694587]
GetHandleVerifier [0x00007FF64852728E+4048862]
GetHandleVerifier [0x00007FF64851F173+4015811]
GetHandleVerifier [0x00007FF6481F47D6+695590]
(No symbol) [0x00007FF6480D0CE8]
(No symbol) [0x00007FF6480CCF34]
(No symbol) [0x00007FF6480CD062]
(No symbol) [0x00007FF6480BD3A3]
BaseThreadInitThunk [0x00007FFB2EFD7374+20]
RtlUserThreadStart [0x00007FFB2F5FCC91+33]
]]>
            </message>
            <full-stacktrace>
              <![CDATA[org.openqa.selenium.SessionNotCreatedException: session not created: This version of ChromeDriver only supports Chrome version 119
Current browser version is 130.0.6723.70 with binary path C:\Program Files\Google\Chrome\Application\chrome.exe
Build info: version: '3.141.59', revision: 'e82be7d358', time: '2018-11-14T08:17:03'
System info: host: 'KIRAN', ip: '192.168.31.144', os.name: 'Windows 10', os.arch: 'amd64', os.version: '10.0', java.version: '11.0.17'
Driver info: driver.version: ChromeDriver
remote stacktrace: GetHandleVerifier [0x00007FF6481582B2+55298]
(No symbol) [0x00007FF6480C5E02]
(No symbol) [0x00007FF647F805AB]
(No symbol) [0x00007FF647FB3E72]
(No symbol) [0x00007FF647FB32FE]
(No symbol) [0x00007FF647FAEC6C]
(No symbol) [0x00007FF647FAB30E]
(No symbol) [0x00007FF647FEA198]
(No symbol) [0x00007FF647FE9CB0]
(No symbol) [0x00007FF647FE1E83]
(No symbol) [0x00007FF647FB670A]
(No symbol) [0x00007FF647FB7964]
GetHandleVerifier [0x00007FF6484D0AAB+3694587]
GetHandleVerifier [0x00007FF64852728E+4048862]
GetHandleVerifier [0x00007FF64851F173+4015811]
GetHandleVerifier [0x00007FF6481F47D6+695590]
(No symbol) [0x00007FF6480D0CE8]
(No symbol) [0x00007FF6480CCF34]
(No symbol) [0x00007FF6480CD062]
(No symbol) [0x00007FF6480BD3A3]
BaseThreadInitThunk [0x00007FFB2EFD7374+20]
RtlUserThreadStart [0x00007FFB2F5FCC91+33]

at java.base/jdk.internal.reflect.NativeConstructorAccessorImpl.newInstance0(Native Method)
at java.base/jdk.internal.reflect.NativeConstructorAccessorImpl.newInstance(NativeConstructorAccessorImpl.java:62)
at java.base/jdk.internal.reflect.DelegatingConstructorAccessorImpl.newInstance(DelegatingConstructorAccessorImpl.java:45)
at java.base/java.lang.reflect.Constructor.newInstance(Constructor.java:490)
at org.openqa.selenium.remote.W3CHandshakeResponse.lambda$errorHandler$0(W3CHandshakeResponse.java:62)
at org.openqa.selenium.remote.HandshakeResponse.lambda$getResponseFunction$0(HandshakeResponse.java:30)
at org.openqa.selenium.remote.ProtocolHandshake.lambda$createSession$0(ProtocolHandshake.java:126)
at java.base/java.util.stream.ReferencePipeline$3$1.accept(ReferencePipeline.java:195)
at java.base/java.util.Spliterators$ArraySpliterator.tryAdvance(Spliterators.java:958)
at java.base/java.util.stream.ReferencePipeline.forEachWithCancel(ReferencePipeline.java:127)
at java.base/java.util.stream.AbstractPipeline.copyIntoWithCancel(AbstractPipeline.java:502)
at java.base/java.util.stream.AbstractPipeline.copyInto(AbstractPipeline.java:488)
at java.base/java.util.stream.AbstractPipeline.wrapAndCopyInto(AbstractPipeline.java:474)
at java.base/java.util.stream.FindOps$FindOp.evaluateSequential(FindOps.java:150)
at java.base/java.util.stream.AbstractPipeline.evaluate(AbstractPipeline.java:234)
at java.base/java.util.stream.ReferencePipeline.findFirst(ReferencePipeline.java:543)
at org.openqa.selenium.remote.ProtocolHandshake.createSession(ProtocolHandshake.java:128)
at org.openqa.selenium.remote.ProtocolHandshake.createSession(ProtocolHandshake.java:74)
at org.openqa.selenium.remote.HttpCommandExecutor.execute(HttpCommandExecutor.java:136)
at org.openqa.selenium.remote.service.DriverCommandExecutor.execute(DriverCommandExecutor.java:83)
at org.openqa.selenium.remote.RemoteWebDriver.execute(RemoteWebDriver.java:552)
at org.openqa.selenium.remote.RemoteWebDriver.startSession(RemoteWebDriver.java:213)
at org.openqa.selenium.remote.RemoteWebDriver.<init>(RemoteWebDriver.java:131)
at org.openqa.selenium.chrome.ChromeDriver.<init>(ChromeDriver.java:181)
at org.openqa.selenium.chrome.ChromeDriver.<init>(ChromeDriver.java:168)
at org.openqa.selenium.chrome.ChromeDriver.<init>(ChromeDriver.java:123)
at com.vtiger.comcast.genericutility.library.BaseClass.beforeClassConfiguration(BaseClass.java:28)
at java.base/jdk.internal.reflect.NativeMethodAccessorImpl.invoke0(Native Method)
at java.base/jdk.internal.reflect.NativeMethodAccessorImpl.invoke(NativeMethodAccessorImpl.java:62)
at java.base/jdk.internal.reflect.DelegatingMethodAccessorImpl.invoke(DelegatingMethodAccessorImpl.java:43)
at java.base/java.lang.reflect.Method.invoke(Method.java:566)
at org.testng.internal.MethodInvocationHelper.invokeMethod(MethodInvocationHelper.java:133)
at org.testng.internal.MethodInvocationHelper.invokeMethodConsideringTimeout(MethodInvocationHelper.java:62)
at org.testng.internal.ConfigInvoker.invokeConfigurationMethod(ConfigInvoker.java:385)
at org.testng.internal.ConfigInvoker.invokeConfigurations(ConfigInvoker.java:321)
at org.testng.internal.TestMethodWorker.invokeBeforeClassMethods(TestMethodWorker.java:176)
at org.testng.internal.TestMethodWorker.run(TestMethodWorker.java:122)
at java.base/java.util.ArrayList.forEach(ArrayList.java:1541)
at org.testng.TestRunner.privateRun(TestRunner.java:794)
at org.testng.TestRunner.run(TestRunner.java:596)
at org.testng.SuiteRunner.runTest(SuiteRunner.java:377)
at org.testng.SuiteRunner.runSequentially(SuiteRunner.java:371)
at org.testng.SuiteRunner.privateRun(SuiteRunner.java:332)
at org.testng.SuiteRunner.run(SuiteRunner.java:276)
at org.testng.SuiteRunnerWorker.runSuite(SuiteRunnerWorker.java:53)
at org.testng.SuiteRunnerWorker.run(SuiteRunnerWorker.java:96)
at org.testng.TestNG.runSuitesSequentially(TestNG.java:1212)
at org.testng.TestNG.runSuitesLocally(TestNG.java:1134)
at org.testng.TestNG.runSuites(TestNG.java:1063)
at org.testng.TestNG.run(TestNG.java:1031)
at org.testng.remote.AbstractRemoteTestNG.run(AbstractRemoteTestNG.java:115)
at org.testng.remote.RemoteTestNG.initAndRun(RemoteTestNG.java:251)
at org.testng.remote.RemoteTestNG.main(RemoteTestNG.java:77)
]]>
            </full-stacktrace>
          </exception> <!-- org.openqa.selenium.SessionNotCreatedException -->
          <reporter-output>
          </reporter-output>
        </test-method> <!-- beforeClassConfiguration -->
        <test-method is-config="true" signature="beforeMethodConfiguration()[pri:0, instance:contact.CreateContactTest@543588e6]" started-at="2024-10-26T08:43:07 IST" name="beforeMethodConfiguration" finished-at="1970-01-01T05:30:00 IST" duration-ms="-1729912387853" status="SKIP">
          <reporter-output>
          </reporter-output>
        </test-method> <!-- beforeMethodConfiguration -->
        <test-method signature="CreatingContactwithAssignedToAdministratorTest()[pri:0, instance:contact.CreateContactTest@543588e6]" started-at="2024-10-26T08:43:07 IST" name="CreatingContactwithAssignedToAdministratorTest" finished-at="2024-10-26T08:43:07 IST" duration-ms="0" status="SKIP">
          <exception class="org.openqa.selenium.SessionNotCreatedException">
            <message>
              <![CDATA[session not created: This version of ChromeDriver only supports Chrome version 119
Current browser version is 130.0.6723.70 with binary path C:\Program Files\Google\Chrome\Application\chrome.exe
Build info: version: '3.141.59', revision: 'e82be7d358', time: '2018-11-14T08:17:03'
System info: host: 'KIRAN', ip: '192.168.31.144', os.name: 'Windows 10', os.arch: 'amd64', os.version: '10.0', java.version: '11.0.17'
Driver info: driver.version: ChromeDriver
remote stacktrace: GetHandleVerifier [0x00007FF6481582B2+55298]
(No symbol) [0x00007FF6480C5E02]
(No symbol) [0x00007FF647F805AB]
(No symbol) [0x00007FF647FB3E72]
(No symbol) [0x00007FF647FB32FE]
(No symbol) [0x00007FF647FAEC6C]
(No symbol) [0x00007FF647FAB30E]
(No symbol) [0x00007FF647FEA198]
(No symbol) [0x00007FF647FE9CB0]
(No symbol) [0x00007FF647FE1E83]
(No symbol) [0x00007FF647FB670A]
(No symbol) [0x00007FF647FB7964]
GetHandleVerifier [0x00007FF6484D0AAB+3694587]
GetHandleVerifier [0x00007FF64852728E+4048862]
GetHandleVerifier [0x00007FF64851F173+4015811]
GetHandleVerifier [0x00007FF6481F47D6+695590]
(No symbol) [0x00007FF6480D0CE8]
(No symbol) [0x00007FF6480CCF34]
(No symbol) [0x00007FF6480CD062]
(No symbol) [0x00007FF6480BD3A3]
BaseThreadInitThunk [0x00007FFB2EFD7374+20]
RtlUserThreadStart [0x00007FFB2F5FCC91+33]
]]>
            </message>
            <full-stacktrace>
              <![CDATA[org.openqa.selenium.SessionNotCreatedException: session not created: This version of ChromeDriver only supports Chrome version 119
Current browser version is 130.0.6723.70 with binary path C:\Program Files\Google\Chrome\Application\chrome.exe
Build info: version: '3.141.59', revision: 'e82be7d358', time: '2018-11-14T08:17:03'
System info: host: 'KIRAN', ip: '192.168.31.144', os.name: 'Windows 10', os.arch: 'amd64', os.version: '10.0', java.version: '11.0.17'
Driver info: driver.version: ChromeDriver
remote stacktrace: GetHandleVerifier [0x00007FF6481582B2+55298]
(No symbol) [0x00007FF6480C5E02]
(No symbol) [0x00007FF647F805AB]
(No symbol) [0x00007FF647FB3E72]
(No symbol) [0x00007FF647FB32FE]
(No symbol) [0x00007FF647FAEC6C]
(No symbol) [0x00007FF647FAB30E]
(No symbol) [0x00007FF647FEA198]
(No symbol) [0x00007FF647FE9CB0]
(No symbol) [0x00007FF647FE1E83]
(No symbol) [0x00007FF647FB670A]
(No symbol) [0x00007FF647FB7964]
GetHandleVerifier [0x00007FF6484D0AAB+3694587]
GetHandleVerifier [0x00007FF64852728E+4048862]
GetHandleVerifier [0x00007FF64851F173+4015811]
GetHandleVerifier [0x00007FF6481F47D6+695590]
(No symbol) [0x00007FF6480D0CE8]
(No symbol) [0x00007FF6480CCF34]
(No symbol) [0x00007FF6480CD062]
(No symbol) [0x00007FF6480BD3A3]
BaseThreadInitThunk [0x00007FFB2EFD7374+20]
RtlUserThreadStart [0x00007FFB2F5FCC91+33]

at java.base/jdk.internal.reflect.NativeConstructorAccessorImpl.newInstance0(Native Method)
at java.base/jdk.internal.reflect.NativeConstructorAccessorImpl.newInstance(NativeConstructorAccessorImpl.java:62)
at java.base/jdk.internal.reflect.DelegatingConstructorAccessorImpl.newInstance(DelegatingConstructorAccessorImpl.java:45)
at java.base/java.lang.reflect.Constructor.newInstance(Constructor.java:490)
at org.openqa.selenium.remote.W3CHandshakeResponse.lambda$errorHandler$0(W3CHandshakeResponse.java:62)
at org.openqa.selenium.remote.HandshakeResponse.lambda$getResponseFunction$0(HandshakeResponse.java:30)
at org.openqa.selenium.remote.ProtocolHandshake.lambda$createSession$0(ProtocolHandshake.java:126)
at java.base/java.util.stream.ReferencePipeline$3$1.accept(ReferencePipeline.java:195)
at java.base/java.util.Spliterators$ArraySpliterator.tryAdvance(Spliterators.java:958)
at java.base/java.util.stream.ReferencePipeline.forEachWithCancel(ReferencePipeline.java:127)
at java.base/java.util.stream.AbstractPipeline.copyIntoWithCancel(AbstractPipeline.java:502)
at java.base/java.util.stream.AbstractPipeline.copyInto(AbstractPipeline.java:488)
at java.base/java.util.stream.AbstractPipeline.wrapAndCopyInto(AbstractPipeline.java:474)
at java.base/java.util.stream.FindOps$FindOp.evaluateSequential(FindOps.java:150)
at java.base/java.util.stream.AbstractPipeline.evaluate(AbstractPipeline.java:234)
at java.base/java.util.stream.ReferencePipeline.findFirst(ReferencePipeline.java:543)
at org.openqa.selenium.remote.ProtocolHandshake.createSession(ProtocolHandshake.java:128)
at org.openqa.selenium.remote.ProtocolHandshake.createSession(ProtocolHandshake.java:74)
at org.openqa.selenium.remote.HttpCommandExecutor.execute(HttpCommandExecutor.java:136)
at org.openqa.selenium.remote.service.DriverCommandExecutor.execute(DriverCommandExecutor.java:83)
at org.openqa.selenium.remote.RemoteWebDriver.execute(RemoteWebDriver.java:552)
at org.openqa.selenium.remote.RemoteWebDriver.startSession(RemoteWebDriver.java:213)
at org.openqa.selenium.remote.RemoteWebDriver.<init>(RemoteWebDriver.java:131)
at org.openqa.selenium.chrome.ChromeDriver.<init>(ChromeDriver.java:181)
at org.openqa.selenium.chrome.ChromeDriver.<init>(ChromeDriver.java:168)
at org.openqa.selenium.chrome.ChromeDriver.<init>(ChromeDriver.java:123)
at com.vtiger.comcast.genericutility.library.BaseClass.beforeClassConfiguration(BaseClass.java:28)
at java.base/jdk.internal.reflect.NativeMethodAccessorImpl.invoke0(Native Method)
at java.base/jdk.internal.reflect.NativeMethodAccessorImpl.invoke(NativeMethodAccessorImpl.java:62)
at java.base/jdk.internal.reflect.DelegatingMethodAccessorImpl.invoke(DelegatingMethodAccessorImpl.java:43)
at java.base/java.lang.reflect.Method.invoke(Method.java:566)
at org.testng.internal.MethodInvocationHelper.invokeMethod(MethodInvocationHelper.java:133)
at org.testng.internal.MethodInvocationHelper.invokeMethodConsideringTimeout(MethodInvocationHelper.java:62)
at org.testng.internal.ConfigInvoker.invokeConfigurationMethod(ConfigInvoker.java:385)
at org.testng.internal.ConfigInvoker.invokeConfigurations(ConfigInvoker.java:321)
at org.testng.internal.TestMethodWorker.invokeBeforeClassMethods(TestMethodWorker.java:176)
at org.testng.internal.TestMethodWorker.run(TestMethodWorker.java:122)
at java.base/java.util.ArrayList.forEach(ArrayList.java:1541)
at org.testng.TestRunner.privateRun(TestRunner.java:794)
at org.testng.TestRunner.run(TestRunner.java:596)
at org.testng.SuiteRunner.runTest(SuiteRunner.java:377)
at org.testng.SuiteRunner.runSequentially(SuiteRunner.java:371)
at org.testng.SuiteRunner.privateRun(SuiteRunner.java:332)
at org.testng.SuiteRunner.run(SuiteRunner.java:276)
at org.testng.SuiteRunnerWorker.runSuite(SuiteRunnerWorker.java:53)
at org.testng.SuiteRunnerWorker.run(SuiteRunnerWorker.java:96)
at org.testng.TestNG.runSuitesSequentially(TestNG.java:1212)
at org.testng.TestNG.runSuitesLocally(TestNG.java:1134)
at org.testng.TestNG.runSuites(TestNG.java:1063)
at org.testng.TestNG.run(TestNG.java:1031)
at org.testng.remote.AbstractRemoteTestNG.run(AbstractRemoteTestNG.java:115)
at org.testng.remote.RemoteTestNG.initAndRun(RemoteTestNG.java:251)
at org.testng.remote.RemoteTestNG.main(RemoteTestNG.java:77)
]]>
            </full-stacktrace>
          </exception> <!-- org.openqa.selenium.SessionNotCreatedException -->
          <reporter-output>
          </reporter-output>
        </test-method> <!-- CreatingContactwithAssignedToAdministratorTest -->
        <test-method is-config="true" signature="afterMethodConfiguration()[pri:0, instance:contact.CreateContactTest@543588e6]" started-at="2024-10-26T08:43:07 IST" name="afterMethodConfiguration" finished-at="1970-01-01T05:30:00 IST" duration-ms="-1729912387870" status="SKIP">
          <reporter-output>
          </reporter-output>
        </test-method> <!-- afterMethodConfiguration -->
        <test-method is-config="true" signature="beforeMethodConfiguration()[pri:0, instance:contact.CreateContactTest@543588e6]" started-at="2024-10-26T08:43:07 IST" name="beforeMethodConfiguration" finished-at="1970-01-01T05:30:00 IST" duration-ms="-1729912387884" status="SKIP">
          <reporter-output>
          </reporter-output>
        </test-method> <!-- beforeMethodConfiguration -->
        <test-method signature="CreatingContactwithAssignedToMarketingGroupTest()[pri:0, instance:contact.CreateContactTest@543588e6]" started-at="2024-10-26T08:43:07 IST" name="CreatingContactwithAssignedToMarketingGroupTest" finished-at="2024-10-26T08:43:07 IST" duration-ms="0" status="SKIP">
          <exception class="org.openqa.selenium.SessionNotCreatedException">
            <message>
              <![CDATA[session not created: This version of ChromeDriver only supports Chrome version 119
Current browser version is 130.0.6723.70 with binary path C:\Program Files\Google\Chrome\Application\chrome.exe
Build info: version: '3.141.59', revision: 'e82be7d358', time: '2018-11-14T08:17:03'
System info: host: 'KIRAN', ip: '192.168.31.144', os.name: 'Windows 10', os.arch: 'amd64', os.version: '10.0', java.version: '11.0.17'
Driver info: driver.version: ChromeDriver
remote stacktrace: GetHandleVerifier [0x00007FF6481582B2+55298]
(No symbol) [0x00007FF6480C5E02]
(No symbol) [0x00007FF647F805AB]
(No symbol) [0x00007FF647FB3E72]
(No symbol) [0x00007FF647FB32FE]
(No symbol) [0x00007FF647FAEC6C]
(No symbol) [0x00007FF647FAB30E]
(No symbol) [0x00007FF647FEA198]
(No symbol) [0x00007FF647FE9CB0]
(No symbol) [0x00007FF647FE1E83]
(No symbol) [0x00007FF647FB670A]
(No symbol) [0x00007FF647FB7964]
GetHandleVerifier [0x00007FF6484D0AAB+3694587]
GetHandleVerifier [0x00007FF64852728E+4048862]
GetHandleVerifier [0x00007FF64851F173+4015811]
GetHandleVerifier [0x00007FF6481F47D6+695590]
(No symbol) [0x00007FF6480D0CE8]
(No symbol) [0x00007FF6480CCF34]
(No symbol) [0x00007FF6480CD062]
(No symbol) [0x00007FF6480BD3A3]
BaseThreadInitThunk [0x00007FFB2EFD7374+20]
RtlUserThreadStart [0x00007FFB2F5FCC91+33]
]]>
            </message>
            <full-stacktrace>
              <![CDATA[org.openqa.selenium.SessionNotCreatedException: session not created: This version of ChromeDriver only supports Chrome version 119
Current browser version is 130.0.6723.70 with binary path C:\Program Files\Google\Chrome\Application\chrome.exe
Build info: version: '3.141.59', revision: 'e82be7d358', time: '2018-11-14T08:17:03'
System info: host: 'KIRAN', ip: '192.168.31.144', os.name: 'Windows 10', os.arch: 'amd64', os.version: '10.0', java.version: '11.0.17'
Driver info: driver.version: ChromeDriver
remote stacktrace: GetHandleVerifier [0x00007FF6481582B2+55298]
(No symbol) [0x00007FF6480C5E02]
(No symbol) [0x00007FF647F805AB]
(No symbol) [0x00007FF647FB3E72]
(No symbol) [0x00007FF647FB32FE]
(No symbol) [0x00007FF647FAEC6C]
(No symbol) [0x00007FF647FAB30E]
(No symbol) [0x00007FF647FEA198]
(No symbol) [0x00007FF647FE9CB0]
(No symbol) [0x00007FF647FE1E83]
(No symbol) [0x00007FF647FB670A]
(No symbol) [0x00007FF647FB7964]
GetHandleVerifier [0x00007FF6484D0AAB+3694587]
GetHandleVerifier [0x00007FF64852728E+4048862]
GetHandleVerifier [0x00007FF64851F173+4015811]
GetHandleVerifier [0x00007FF6481F47D6+695590]
(No symbol) [0x00007FF6480D0CE8]
(No symbol) [0x00007FF6480CCF34]
(No symbol) [0x00007FF6480CD062]
(No symbol) [0x00007FF6480BD3A3]
BaseThreadInitThunk [0x00007FFB2EFD7374+20]
RtlUserThreadStart [0x00007FFB2F5FCC91+33]

at java.base/jdk.internal.reflect.NativeConstructorAccessorImpl.newInstance0(Native Method)
at java.base/jdk.internal.reflect.NativeConstructorAccessorImpl.newInstance(NativeConstructorAccessorImpl.java:62)
at java.base/jdk.internal.reflect.DelegatingConstructorAccessorImpl.newInstance(DelegatingConstructorAccessorImpl.java:45)
at java.base/java.lang.reflect.Constructor.newInstance(Constructor.java:490)
at org.openqa.selenium.remote.W3CHandshakeResponse.lambda$errorHandler$0(W3CHandshakeResponse.java:62)
at org.openqa.selenium.remote.HandshakeResponse.lambda$getResponseFunction$0(HandshakeResponse.java:30)
at org.openqa.selenium.remote.ProtocolHandshake.lambda$createSession$0(ProtocolHandshake.java:126)
at java.base/java.util.stream.ReferencePipeline$3$1.accept(ReferencePipeline.java:195)
at java.base/java.util.Spliterators$ArraySpliterator.tryAdvance(Spliterators.java:958)
at java.base/java.util.stream.ReferencePipeline.forEachWithCancel(ReferencePipeline.java:127)
at java.base/java.util.stream.AbstractPipeline.copyIntoWithCancel(AbstractPipeline.java:502)
at java.base/java.util.stream.AbstractPipeline.copyInto(AbstractPipeline.java:488)
at java.base/java.util.stream.AbstractPipeline.wrapAndCopyInto(AbstractPipeline.java:474)
at java.base/java.util.stream.FindOps$FindOp.evaluateSequential(FindOps.java:150)
at java.base/java.util.stream.AbstractPipeline.evaluate(AbstractPipeline.java:234)
at java.base/java.util.stream.ReferencePipeline.findFirst(ReferencePipeline.java:543)
at org.openqa.selenium.remote.ProtocolHandshake.createSession(ProtocolHandshake.java:128)
at org.openqa.selenium.remote.ProtocolHandshake.createSession(ProtocolHandshake.java:74)
at org.openqa.selenium.remote.HttpCommandExecutor.execute(HttpCommandExecutor.java:136)
at org.openqa.selenium.remote.service.DriverCommandExecutor.execute(DriverCommandExecutor.java:83)
at org.openqa.selenium.remote.RemoteWebDriver.execute(RemoteWebDriver.java:552)
at org.openqa.selenium.remote.RemoteWebDriver.startSession(RemoteWebDriver.java:213)
at org.openqa.selenium.remote.RemoteWebDriver.<init>(RemoteWebDriver.java:131)
at org.openqa.selenium.chrome.ChromeDriver.<init>(ChromeDriver.java:181)
at org.openqa.selenium.chrome.ChromeDriver.<init>(ChromeDriver.java:168)
at org.openqa.selenium.chrome.ChromeDriver.<init>(ChromeDriver.java:123)
at com.vtiger.comcast.genericutility.library.BaseClass.beforeClassConfiguration(BaseClass.java:28)
at java.base/jdk.internal.reflect.NativeMethodAccessorImpl.invoke0(Native Method)
at java.base/jdk.internal.reflect.NativeMethodAccessorImpl.invoke(NativeMethodAccessorImpl.java:62)
at java.base/jdk.internal.reflect.DelegatingMethodAccessorImpl.invoke(DelegatingMethodAccessorImpl.java:43)
at java.base/java.lang.reflect.Method.invoke(Method.java:566)
at org.testng.internal.MethodInvocationHelper.invokeMethod(MethodInvocationHelper.java:133)
at org.testng.internal.MethodInvocationHelper.invokeMethodConsideringTimeout(MethodInvocationHelper.java:62)
at org.testng.internal.ConfigInvoker.invokeConfigurationMethod(ConfigInvoker.java:385)
at org.testng.internal.ConfigInvoker.invokeConfigurations(ConfigInvoker.java:321)
at org.testng.internal.TestMethodWorker.invokeBeforeClassMethods(TestMethodWorker.java:176)
at org.testng.internal.TestMethodWorker.run(TestMethodWorker.java:122)
at java.base/java.util.ArrayList.forEach(ArrayList.java:1541)
at org.testng.TestRunner.privateRun(TestRunner.java:794)
at org.testng.TestRunner.run(TestRunner.java:596)
at org.testng.SuiteRunner.runTest(SuiteRunner.java:377)
at org.testng.SuiteRunner.runSequentially(SuiteRunner.java:371)
at org.testng.SuiteRunner.privateRun(SuiteRunner.java:332)
at org.testng.SuiteRunner.run(SuiteRunner.java:276)
at org.testng.SuiteRunnerWorker.runSuite(SuiteRunnerWorker.java:53)
at org.testng.SuiteRunnerWorker.run(SuiteRunnerWorker.java:96)
at org.testng.TestNG.runSuitesSequentially(TestNG.java:1212)
at org.testng.TestNG.runSuitesLocally(TestNG.java:1134)
at org.testng.TestNG.runSuites(TestNG.java:1063)
at org.testng.TestNG.run(TestNG.java:1031)
at org.testng.remote.AbstractRemoteTestNG.run(AbstractRemoteTestNG.java:115)
at org.testng.remote.RemoteTestNG.initAndRun(RemoteTestNG.java:251)
at org.testng.remote.RemoteTestNG.main(RemoteTestNG.java:77)
]]>
            </full-stacktrace>
          </exception> <!-- org.openqa.selenium.SessionNotCreatedException -->
          <reporter-output>
          </reporter-output>
        </test-method> <!-- CreatingContactwithAssignedToMarketingGroupTest -->
        <test-method is-config="true" signature="afterMethodConfiguration()[pri:0, instance:contact.CreateContactTest@543588e6]" started-at="2024-10-26T08:43:07 IST" name="afterMethodConfiguration" finished-at="1970-01-01T05:30:00 IST" duration-ms="-1729912387896" status="SKIP">
          <reporter-output>
          </reporter-output>
        </test-method> <!-- afterMethodConfiguration -->
        <test-method is-config="true" signature="beforeMethodConfiguration()[pri:0, instance:contact.CreateContactTest@543588e6]" started-at="2024-10-26T08:43:07 IST" name="beforeMethodConfiguration" finished-at="1970-01-01T05:30:00 IST" duration-ms="-1729912387898" status="SKIP">
          <reporter-output>
          </reporter-output>
        </test-method> <!-- beforeMethodConfiguration -->
        <test-method signature="CreatingContactwithAssignedToSupportGroupTest()[pri:0, instance:contact.CreateContactTest@543588e6]" started-at="2024-10-26T08:43:07 IST" name="CreatingContactwithAssignedToSupportGroupTest" finished-at="2024-10-26T08:43:07 IST" duration-ms="0" status="SKIP">
          <exception class="org.openqa.selenium.SessionNotCreatedException">
            <message>
              <![CDATA[session not created: This version of ChromeDriver only supports Chrome version 119
Current browser version is 130.0.6723.70 with binary path C:\Program Files\Google\Chrome\Application\chrome.exe
Build info: version: '3.141.59', revision: 'e82be7d358', time: '2018-11-14T08:17:03'
System info: host: 'KIRAN', ip: '192.168.31.144', os.name: 'Windows 10', os.arch: 'amd64', os.version: '10.0', java.version: '11.0.17'
Driver info: driver.version: ChromeDriver
remote stacktrace: GetHandleVerifier [0x00007FF6481582B2+55298]
(No symbol) [0x00007FF6480C5E02]
(No symbol) [0x00007FF647F805AB]
(No symbol) [0x00007FF647FB3E72]
(No symbol) [0x00007FF647FB32FE]
(No symbol) [0x00007FF647FAEC6C]
(No symbol) [0x00007FF647FAB30E]
(No symbol) [0x00007FF647FEA198]
(No symbol) [0x00007FF647FE9CB0]
(No symbol) [0x00007FF647FE1E83]
(No symbol) [0x00007FF647FB670A]
(No symbol) [0x00007FF647FB7964]
GetHandleVerifier [0x00007FF6484D0AAB+3694587]
GetHandleVerifier [0x00007FF64852728E+4048862]
GetHandleVerifier [0x00007FF64851F173+4015811]
GetHandleVerifier [0x00007FF6481F47D6+695590]
(No symbol) [0x00007FF6480D0CE8]
(No symbol) [0x00007FF6480CCF34]
(No symbol) [0x00007FF6480CD062]
(No symbol) [0x00007FF6480BD3A3]
BaseThreadInitThunk [0x00007FFB2EFD7374+20]
RtlUserThreadStart [0x00007FFB2F5FCC91+33]
]]>
            </message>
            <full-stacktrace>
              <![CDATA[org.openqa.selenium.SessionNotCreatedException: session not created: This version of ChromeDriver only supports Chrome version 119
Current browser version is 130.0.6723.70 with binary path C:\Program Files\Google\Chrome\Application\chrome.exe
Build info: version: '3.141.59', revision: 'e82be7d358', time: '2018-11-14T08:17:03'
System info: host: 'KIRAN', ip: '192.168.31.144', os.name: 'Windows 10', os.arch: 'amd64', os.version: '10.0', java.version: '11.0.17'
Driver info: driver.version: ChromeDriver
remote stacktrace: GetHandleVerifier [0x00007FF6481582B2+55298]
(No symbol) [0x00007FF6480C5E02]
(No symbol) [0x00007FF647F805AB]
(No symbol) [0x00007FF647FB3E72]
(No symbol) [0x00007FF647FB32FE]
(No symbol) [0x00007FF647FAEC6C]
(No symbol) [0x00007FF647FAB30E]
(No symbol) [0x00007FF647FEA198]
(No symbol) [0x00007FF647FE9CB0]
(No symbol) [0x00007FF647FE1E83]
(No symbol) [0x00007FF647FB670A]
(No symbol) [0x00007FF647FB7964]
GetHandleVerifier [0x00007FF6484D0AAB+3694587]
GetHandleVerifier [0x00007FF64852728E+4048862]
GetHandleVerifier [0x00007FF64851F173+4015811]
GetHandleVerifier [0x00007FF6481F47D6+695590]
(No symbol) [0x00007FF6480D0CE8]
(No symbol) [0x00007FF6480CCF34]
(No symbol) [0x00007FF6480CD062]
(No symbol) [0x00007FF6480BD3A3]
BaseThreadInitThunk [0x00007FFB2EFD7374+20]
RtlUserThreadStart [0x00007FFB2F5FCC91+33]

at java.base/jdk.internal.reflect.NativeConstructorAccessorImpl.newInstance0(Native Method)
at java.base/jdk.internal.reflect.NativeConstructorAccessorImpl.newInstance(NativeConstructorAccessorImpl.java:62)
at java.base/jdk.internal.reflect.DelegatingConstructorAccessorImpl.newInstance(DelegatingConstructorAccessorImpl.java:45)
at java.base/java.lang.reflect.Constructor.newInstance(Constructor.java:490)
at org.openqa.selenium.remote.W3CHandshakeResponse.lambda$errorHandler$0(W3CHandshakeResponse.java:62)
at org.openqa.selenium.remote.HandshakeResponse.lambda$getResponseFunction$0(HandshakeResponse.java:30)
at org.openqa.selenium.remote.ProtocolHandshake.lambda$createSession$0(ProtocolHandshake.java:126)
at java.base/java.util.stream.ReferencePipeline$3$1.accept(ReferencePipeline.java:195)
at java.base/java.util.Spliterators$ArraySpliterator.tryAdvance(Spliterators.java:958)
at java.base/java.util.stream.ReferencePipeline.forEachWithCancel(ReferencePipeline.java:127)
at java.base/java.util.stream.AbstractPipeline.copyIntoWithCancel(AbstractPipeline.java:502)
at java.base/java.util.stream.AbstractPipeline.copyInto(AbstractPipeline.java:488)
at java.base/java.util.stream.AbstractPipeline.wrapAndCopyInto(AbstractPipeline.java:474)
at java.base/java.util.stream.FindOps$FindOp.evaluateSequential(FindOps.java:150)
at java.base/java.util.stream.AbstractPipeline.evaluate(AbstractPipeline.java:234)
at java.base/java.util.stream.ReferencePipeline.findFirst(ReferencePipeline.java:543)
at org.openqa.selenium.remote.ProtocolHandshake.createSession(ProtocolHandshake.java:128)
at org.openqa.selenium.remote.ProtocolHandshake.createSession(ProtocolHandshake.java:74)
at org.openqa.selenium.remote.HttpCommandExecutor.execute(HttpCommandExecutor.java:136)
at org.openqa.selenium.remote.service.DriverCommandExecutor.execute(DriverCommandExecutor.java:83)
at org.openqa.selenium.remote.RemoteWebDriver.execute(RemoteWebDriver.java:552)
at org.openqa.selenium.remote.RemoteWebDriver.startSession(RemoteWebDriver.java:213)
at org.openqa.selenium.remote.RemoteWebDriver.<init>(RemoteWebDriver.java:131)
at org.openqa.selenium.chrome.ChromeDriver.<init>(ChromeDriver.java:181)
at org.openqa.selenium.chrome.ChromeDriver.<init>(ChromeDriver.java:168)
at org.openqa.selenium.chrome.ChromeDriver.<init>(ChromeDriver.java:123)
at com.vtiger.comcast.genericutility.library.BaseClass.beforeClassConfiguration(BaseClass.java:28)
at java.base/jdk.internal.reflect.NativeMethodAccessorImpl.invoke0(Native Method)
at java.base/jdk.internal.reflect.NativeMethodAccessorImpl.invoke(NativeMethodAccessorImpl.java:62)
at java.base/jdk.internal.reflect.DelegatingMethodAccessorImpl.invoke(DelegatingMethodAccessorImpl.java:43)
at java.base/java.lang.reflect.Method.invoke(Method.java:566)
at org.testng.internal.MethodInvocationHelper.invokeMethod(MethodInvocationHelper.java:133)
at org.testng.internal.MethodInvocationHelper.invokeMethodConsideringTimeout(MethodInvocationHelper.java:62)
at org.testng.internal.ConfigInvoker.invokeConfigurationMethod(ConfigInvoker.java:385)
at org.testng.internal.ConfigInvoker.invokeConfigurations(ConfigInvoker.java:321)
at org.testng.internal.TestMethodWorker.invokeBeforeClassMethods(TestMethodWorker.java:176)
at org.testng.internal.TestMethodWorker.run(TestMethodWorker.java:122)
at java.base/java.util.ArrayList.forEach(ArrayList.java:1541)
at org.testng.TestRunner.privateRun(TestRunner.java:794)
at org.testng.TestRunner.run(TestRunner.java:596)
at org.testng.SuiteRunner.runTest(SuiteRunner.java:377)
at org.testng.SuiteRunner.runSequentially(SuiteRunner.java:371)
at org.testng.SuiteRunner.privateRun(SuiteRunner.java:332)
at org.testng.SuiteRunner.run(SuiteRunner.java:276)
at org.testng.SuiteRunnerWorker.runSuite(SuiteRunnerWorker.java:53)
at org.testng.SuiteRunnerWorker.run(SuiteRunnerWorker.java:96)
at org.testng.TestNG.runSuitesSequentially(TestNG.java:1212)
at org.testng.TestNG.runSuitesLocally(TestNG.java:1134)
at org.testng.TestNG.runSuites(TestNG.java:1063)
at org.testng.TestNG.run(TestNG.java:1031)
at org.testng.remote.AbstractRemoteTestNG.run(AbstractRemoteTestNG.java:115)
at org.testng.remote.RemoteTestNG.initAndRun(RemoteTestNG.java:251)
at org.testng.remote.RemoteTestNG.main(RemoteTestNG.java:77)
]]>
            </full-stacktrace>
          </exception> <!-- org.openqa.selenium.SessionNotCreatedException -->
          <reporter-output>
          </reporter-output>
        </test-method> <!-- CreatingContactwithAssignedToSupportGroupTest -->
        <test-method is-config="true" signature="afterMethodConfiguration()[pri:0, instance:contact.CreateContactTest@543588e6]" started-at="2024-10-26T08:43:07 IST" name="afterMethodConfiguration" finished-at="1970-01-01T05:30:00 IST" duration-ms="-1729912387909" status="SKIP">
          <reporter-output>
          </reporter-output>
        </test-method> <!-- afterMethodConfiguration -->
        <test-method is-config="true" signature="beforeMethodConfiguration()[pri:0, instance:contact.CreateContactTest@543588e6]" started-at="2024-10-26T08:43:07 IST" name="beforeMethodConfiguration" finished-at="1970-01-01T05:30:00 IST" duration-ms="-1729912387911" status="SKIP">
          <reporter-output>
          </reporter-output>
        </test-method> <!-- beforeMethodConfiguration -->
        <test-method signature="CreatingContactwithAssignedToTeamSellingGroupTest()[pri:0, instance:contact.CreateContactTest@543588e6]" started-at="2024-10-26T08:43:07 IST" name="CreatingContactwithAssignedToTeamSellingGroupTest" finished-at="2024-10-26T08:43:07 IST" duration-ms="0" status="SKIP">
          <exception class="org.openqa.selenium.SessionNotCreatedException">
            <message>
              <![CDATA[session not created: This version of ChromeDriver only supports Chrome version 119
Current browser version is 130.0.6723.70 with binary path C:\Program Files\Google\Chrome\Application\chrome.exe
Build info: version: '3.141.59', revision: 'e82be7d358', time: '2018-11-14T08:17:03'
System info: host: 'KIRAN', ip: '192.168.31.144', os.name: 'Windows 10', os.arch: 'amd64', os.version: '10.0', java.version: '11.0.17'
Driver info: driver.version: ChromeDriver
remote stacktrace: GetHandleVerifier [0x00007FF6481582B2+55298]
(No symbol) [0x00007FF6480C5E02]
(No symbol) [0x00007FF647F805AB]
(No symbol) [0x00007FF647FB3E72]
(No symbol) [0x00007FF647FB32FE]
(No symbol) [0x00007FF647FAEC6C]
(No symbol) [0x00007FF647FAB30E]
(No symbol) [0x00007FF647FEA198]
(No symbol) [0x00007FF647FE9CB0]
(No symbol) [0x00007FF647FE1E83]
(No symbol) [0x00007FF647FB670A]
(No symbol) [0x00007FF647FB7964]
GetHandleVerifier [0x00007FF6484D0AAB+3694587]
GetHandleVerifier [0x00007FF64852728E+4048862]
GetHandleVerifier [0x00007FF64851F173+4015811]
GetHandleVerifier [0x00007FF6481F47D6+695590]
(No symbol) [0x00007FF6480D0CE8]
(No symbol) [0x00007FF6480CCF34]
(No symbol) [0x00007FF6480CD062]
(No symbol) [0x00007FF6480BD3A3]
BaseThreadInitThunk [0x00007FFB2EFD7374+20]
RtlUserThreadStart [0x00007FFB2F5FCC91+33]
]]>
            </message>
            <full-stacktrace>
              <![CDATA[org.openqa.selenium.SessionNotCreatedException: session not created: This version of ChromeDriver only supports Chrome version 119
Current browser version is 130.0.6723.70 with binary path C:\Program Files\Google\Chrome\Application\chrome.exe
Build info: version: '3.141.59', revision: 'e82be7d358', time: '2018-11-14T08:17:03'
System info: host: 'KIRAN', ip: '192.168.31.144', os.name: 'Windows 10', os.arch: 'amd64', os.version: '10.0', java.version: '11.0.17'
Driver info: driver.version: ChromeDriver
remote stacktrace: GetHandleVerifier [0x00007FF6481582B2+55298]
(No symbol) [0x00007FF6480C5E02]
(No symbol) [0x00007FF647F805AB]
(No symbol) [0x00007FF647FB3E72]
(No symbol) [0x00007FF647FB32FE]
(No symbol) [0x00007FF647FAEC6C]
(No symbol) [0x00007FF647FAB30E]
(No symbol) [0x00007FF647FEA198]
(No symbol) [0x00007FF647FE9CB0]
(No symbol) [0x00007FF647FE1E83]
(No symbol) [0x00007FF647FB670A]
(No symbol) [0x00007FF647FB7964]
GetHandleVerifier [0x00007FF6484D0AAB+3694587]
GetHandleVerifier [0x00007FF64852728E+4048862]
GetHandleVerifier [0x00007FF64851F173+4015811]
GetHandleVerifier [0x00007FF6481F47D6+695590]
(No symbol) [0x00007FF6480D0CE8]
(No symbol) [0x00007FF6480CCF34]
(No symbol) [0x00007FF6480CD062]
(No symbol) [0x00007FF6480BD3A3]
BaseThreadInitThunk [0x00007FFB2EFD7374+20]
RtlUserThreadStart [0x00007FFB2F5FCC91+33]

at java.base/jdk.internal.reflect.NativeConstructorAccessorImpl.newInstance0(Native Method)
at java.base/jdk.internal.reflect.NativeConstructorAccessorImpl.newInstance(NativeConstructorAccessorImpl.java:62)
at java.base/jdk.internal.reflect.DelegatingConstructorAccessorImpl.newInstance(DelegatingConstructorAccessorImpl.java:45)
at java.base/java.lang.reflect.Constructor.newInstance(Constructor.java:490)
at org.openqa.selenium.remote.W3CHandshakeResponse.lambda$errorHandler$0(W3CHandshakeResponse.java:62)
at org.openqa.selenium.remote.HandshakeResponse.lambda$getResponseFunction$0(HandshakeResponse.java:30)
at org.openqa.selenium.remote.ProtocolHandshake.lambda$createSession$0(ProtocolHandshake.java:126)
at java.base/java.util.stream.ReferencePipeline$3$1.accept(ReferencePipeline.java:195)
at java.base/java.util.Spliterators$ArraySpliterator.tryAdvance(Spliterators.java:958)
at java.base/java.util.stream.ReferencePipeline.forEachWithCancel(ReferencePipeline.java:127)
at java.base/java.util.stream.AbstractPipeline.copyIntoWithCancel(AbstractPipeline.java:502)
at java.base/java.util.stream.AbstractPipeline.copyInto(AbstractPipeline.java:488)
at java.base/java.util.stream.AbstractPipeline.wrapAndCopyInto(AbstractPipeline.java:474)
at java.base/java.util.stream.FindOps$FindOp.evaluateSequential(FindOps.java:150)
at java.base/java.util.stream.AbstractPipeline.evaluate(AbstractPipeline.java:234)
at java.base/java.util.stream.ReferencePipeline.findFirst(ReferencePipeline.java:543)
at org.openqa.selenium.remote.ProtocolHandshake.createSession(ProtocolHandshake.java:128)
at org.openqa.selenium.remote.ProtocolHandshake.createSession(ProtocolHandshake.java:74)
at org.openqa.selenium.remote.HttpCommandExecutor.execute(HttpCommandExecutor.java:136)
at org.openqa.selenium.remote.service.DriverCommandExecutor.execute(DriverCommandExecutor.java:83)
at org.openqa.selenium.remote.RemoteWebDriver.execute(RemoteWebDriver.java:552)
at org.openqa.selenium.remote.RemoteWebDriver.startSession(RemoteWebDriver.java:213)
at org.openqa.selenium.remote.RemoteWebDriver.<init>(RemoteWebDriver.java:131)
at org.openqa.selenium.chrome.ChromeDriver.<init>(ChromeDriver.java:181)
at org.openqa.selenium.chrome.ChromeDriver.<init>(ChromeDriver.java:168)
at org.openqa.selenium.chrome.ChromeDriver.<init>(ChromeDriver.java:123)
at com.vtiger.comcast.genericutility.library.BaseClass.beforeClassConfiguration(BaseClass.java:28)
at java.base/jdk.internal.reflect.NativeMethodAccessorImpl.invoke0(Native Method)
at java.base/jdk.internal.reflect.NativeMethodAccessorImpl.invoke(NativeMethodAccessorImpl.java:62)
at java.base/jdk.internal.reflect.DelegatingMethodAccessorImpl.invoke(DelegatingMethodAccessorImpl.java:43)
at java.base/java.lang.reflect.Method.invoke(Method.java:566)
at org.testng.internal.MethodInvocationHelper.invokeMethod(MethodInvocationHelper.java:133)
at org.testng.internal.MethodInvocationHelper.invokeMethodConsideringTimeout(MethodInvocationHelper.java:62)
at org.testng.internal.ConfigInvoker.invokeConfigurationMethod(ConfigInvoker.java:385)
at org.testng.internal.ConfigInvoker.invokeConfigurations(ConfigInvoker.java:321)
at org.testng.internal.TestMethodWorker.invokeBeforeClassMethods(TestMethodWorker.java:176)
at org.testng.internal.TestMethodWorker.run(TestMethodWorker.java:122)
at java.base/java.util.ArrayList.forEach(ArrayList.java:1541)
at org.testng.TestRunner.privateRun(TestRunner.java:794)
at org.testng.TestRunner.run(TestRunner.java:596)
at org.testng.SuiteRunner.runTest(SuiteRunner.java:377)
at org.testng.SuiteRunner.runSequentially(SuiteRunner.java:371)
at org.testng.SuiteRunner.privateRun(SuiteRunner.java:332)
at org.testng.SuiteRunner.run(SuiteRunner.java:276)
at org.testng.SuiteRunnerWorker.runSuite(SuiteRunnerWorker.java:53)
at org.testng.SuiteRunnerWorker.run(SuiteRunnerWorker.java:96)
at org.testng.TestNG.runSuitesSequentially(TestNG.java:1212)
at org.testng.TestNG.runSuitesLocally(TestNG.java:1134)
at org.testng.TestNG.runSuites(TestNG.java:1063)
at org.testng.TestNG.run(TestNG.java:1031)
at org.testng.remote.AbstractRemoteTestNG.run(AbstractRemoteTestNG.java:115)
at org.testng.remote.RemoteTestNG.initAndRun(RemoteTestNG.java:251)
at org.testng.remote.RemoteTestNG.main(RemoteTestNG.java:77)
]]>
            </full-stacktrace>
          </exception> <!-- org.openqa.selenium.SessionNotCreatedException -->
          <reporter-output>
          </reporter-output>
        </test-method> <!-- CreatingContactwithAssignedToTeamSellingGroupTest -->
        <test-method is-config="true" signature="afterMethodConfiguration()[pri:0, instance:contact.CreateContactTest@543588e6]" started-at="2024-10-26T08:43:07 IST" name="afterMethodConfiguration" finished-at="1970-01-01T05:30:00 IST" duration-ms="-1729912387925" status="SKIP">
          <reporter-output>
          </reporter-output>
        </test-method> <!-- afterMethodConfiguration -->
        <test-method is-config="true" signature="beforeMethodConfiguration()[pri:0, instance:contact.CreateContactTest@543588e6]" started-at="2024-10-26T08:43:07 IST" name="beforeMethodConfiguration" finished-at="1970-01-01T05:30:00 IST" duration-ms="-1729912387950" status="SKIP">
          <reporter-output>
          </reporter-output>
        </test-method> <!-- beforeMethodConfiguration -->
        <test-method signature="CreatingContactwithLeadSource()[pri:0, instance:contact.CreateContactTest@543588e6]" started-at="2024-10-26T08:43:07 IST" name="CreatingContactwithLeadSource" finished-at="2024-10-26T08:43:07 IST" duration-ms="0" status="SKIP">
          <exception class="org.openqa.selenium.SessionNotCreatedException">
            <message>
              <![CDATA[session not created: This version of ChromeDriver only supports Chrome version 119
Current browser version is 130.0.6723.70 with binary path C:\Program Files\Google\Chrome\Application\chrome.exe
Build info: version: '3.141.59', revision: 'e82be7d358', time: '2018-11-14T08:17:03'
System info: host: 'KIRAN', ip: '192.168.31.144', os.name: 'Windows 10', os.arch: 'amd64', os.version: '10.0', java.version: '11.0.17'
Driver info: driver.version: ChromeDriver
remote stacktrace: GetHandleVerifier [0x00007FF6481582B2+55298]
(No symbol) [0x00007FF6480C5E02]
(No symbol) [0x00007FF647F805AB]
(No symbol) [0x00007FF647FB3E72]
(No symbol) [0x00007FF647FB32FE]
(No symbol) [0x00007FF647FAEC6C]
(No symbol) [0x00007FF647FAB30E]
(No symbol) [0x00007FF647FEA198]
(No symbol) [0x00007FF647FE9CB0]
(No symbol) [0x00007FF647FE1E83]
(No symbol) [0x00007FF647FB670A]
(No symbol) [0x00007FF647FB7964]
GetHandleVerifier [0x00007FF6484D0AAB+3694587]
GetHandleVerifier [0x00007FF64852728E+4048862]
GetHandleVerifier [0x00007FF64851F173+4015811]
GetHandleVerifier [0x00007FF6481F47D6+695590]
(No symbol) [0x00007FF6480D0CE8]
(No symbol) [0x00007FF6480CCF34]
(No symbol) [0x00007FF6480CD062]
(No symbol) [0x00007FF6480BD3A3]
BaseThreadInitThunk [0x00007FFB2EFD7374+20]
RtlUserThreadStart [0x00007FFB2F5FCC91+33]
]]>
            </message>
            <full-stacktrace>
              <![CDATA[org.openqa.selenium.SessionNotCreatedException: session not created: This version of ChromeDriver only supports Chrome version 119
Current browser version is 130.0.6723.70 with binary path C:\Program Files\Google\Chrome\Application\chrome.exe
Build info: version: '3.141.59', revision: 'e82be7d358', time: '2018-11-14T08:17:03'
System info: host: 'KIRAN', ip: '192.168.31.144', os.name: 'Windows 10', os.arch: 'amd64', os.version: '10.0', java.version: '11.0.17'
Driver info: driver.version: ChromeDriver
remote stacktrace: GetHandleVerifier [0x00007FF6481582B2+55298]
(No symbol) [0x00007FF6480C5E02]
(No symbol) [0x00007FF647F805AB]
(No symbol) [0x00007FF647FB3E72]
(No symbol) [0x00007FF647FB32FE]
(No symbol) [0x00007FF647FAEC6C]
(No symbol) [0x00007FF647FAB30E]
(No symbol) [0x00007FF647FEA198]
(No symbol) [0x00007FF647FE9CB0]
(No symbol) [0x00007FF647FE1E83]
(No symbol) [0x00007FF647FB670A]
(No symbol) [0x00007FF647FB7964]
GetHandleVerifier [0x00007FF6484D0AAB+3694587]
GetHandleVerifier [0x00007FF64852728E+4048862]
GetHandleVerifier [0x00007FF64851F173+4015811]
GetHandleVerifier [0x00007FF6481F47D6+695590]
(No symbol) [0x00007FF6480D0CE8]
(No symbol) [0x00007FF6480CCF34]
(No symbol) [0x00007FF6480CD062]
(No symbol) [0x00007FF6480BD3A3]
BaseThreadInitThunk [0x00007FFB2EFD7374+20]
RtlUserThreadStart [0x00007FFB2F5FCC91+33]

at java.base/jdk.internal.reflect.NativeConstructorAccessorImpl.newInstance0(Native Method)
at java.base/jdk.internal.reflect.NativeConstructorAccessorImpl.newInstance(NativeConstructorAccessorImpl.java:62)
at java.base/jdk.internal.reflect.DelegatingConstructorAccessorImpl.newInstance(DelegatingConstructorAccessorImpl.java:45)
at java.base/java.lang.reflect.Constructor.newInstance(Constructor.java:490)
at org.openqa.selenium.remote.W3CHandshakeResponse.lambda$errorHandler$0(W3CHandshakeResponse.java:62)
at org.openqa.selenium.remote.HandshakeResponse.lambda$getResponseFunction$0(HandshakeResponse.java:30)
at org.openqa.selenium.remote.ProtocolHandshake.lambda$createSession$0(ProtocolHandshake.java:126)
at java.base/java.util.stream.ReferencePipeline$3$1.accept(ReferencePipeline.java:195)
at java.base/java.util.Spliterators$ArraySpliterator.tryAdvance(Spliterators.java:958)
at java.base/java.util.stream.ReferencePipeline.forEachWithCancel(ReferencePipeline.java:127)
at java.base/java.util.stream.AbstractPipeline.copyIntoWithCancel(AbstractPipeline.java:502)
at java.base/java.util.stream.AbstractPipeline.copyInto(AbstractPipeline.java:488)
at java.base/java.util.stream.AbstractPipeline.wrapAndCopyInto(AbstractPipeline.java:474)
at java.base/java.util.stream.FindOps$FindOp.evaluateSequential(FindOps.java:150)
at java.base/java.util.stream.AbstractPipeline.evaluate(AbstractPipeline.java:234)
at java.base/java.util.stream.ReferencePipeline.findFirst(ReferencePipeline.java:543)
at org.openqa.selenium.remote.ProtocolHandshake.createSession(ProtocolHandshake.java:128)
at org.openqa.selenium.remote.ProtocolHandshake.createSession(ProtocolHandshake.java:74)
at org.openqa.selenium.remote.HttpCommandExecutor.execute(HttpCommandExecutor.java:136)
at org.openqa.selenium.remote.service.DriverCommandExecutor.execute(DriverCommandExecutor.java:83)
at org.openqa.selenium.remote.RemoteWebDriver.execute(RemoteWebDriver.java:552)
at org.openqa.selenium.remote.RemoteWebDriver.startSession(RemoteWebDriver.java:213)
at org.openqa.selenium.remote.RemoteWebDriver.<init>(RemoteWebDriver.java:131)
at org.openqa.selenium.chrome.ChromeDriver.<init>(ChromeDriver.java:181)
at org.openqa.selenium.chrome.ChromeDriver.<init>(ChromeDriver.java:168)
at org.openqa.selenium.chrome.ChromeDriver.<init>(ChromeDriver.java:123)
at com.vtiger.comcast.genericutility.library.BaseClass.beforeClassConfiguration(BaseClass.java:28)
at java.base/jdk.internal.reflect.NativeMethodAccessorImpl.invoke0(Native Method)
at java.base/jdk.internal.reflect.NativeMethodAccessorImpl.invoke(NativeMethodAccessorImpl.java:62)
at java.base/jdk.internal.reflect.DelegatingMethodAccessorImpl.invoke(DelegatingMethodAccessorImpl.java:43)
at java.base/java.lang.reflect.Method.invoke(Method.java:566)
at org.testng.internal.MethodInvocationHelper.invokeMethod(MethodInvocationHelper.java:133)
at org.testng.internal.MethodInvocationHelper.invokeMethodConsideringTimeout(MethodInvocationHelper.java:62)
at org.testng.internal.ConfigInvoker.invokeConfigurationMethod(ConfigInvoker.java:385)
at org.testng.internal.ConfigInvoker.invokeConfigurations(ConfigInvoker.java:321)
at org.testng.internal.TestMethodWorker.invokeBeforeClassMethods(TestMethodWorker.java:176)
at org.testng.internal.TestMethodWorker.run(TestMethodWorker.java:122)
at java.base/java.util.ArrayList.forEach(ArrayList.java:1541)
at org.testng.TestRunner.privateRun(TestRunner.java:794)
at org.testng.TestRunner.run(TestRunner.java:596)
at org.testng.SuiteRunner.runTest(SuiteRunner.java:377)
at org.testng.SuiteRunner.runSequentially(SuiteRunner.java:371)
at org.testng.SuiteRunner.privateRun(SuiteRunner.java:332)
at org.testng.SuiteRunner.run(SuiteRunner.java:276)
at org.testng.SuiteRunnerWorker.runSuite(SuiteRunnerWorker.java:53)
at org.testng.SuiteRunnerWorker.run(SuiteRunnerWorker.java:96)
at org.testng.TestNG.runSuitesSequentially(TestNG.java:1212)
at org.testng.TestNG.runSuitesLocally(TestNG.java:1134)
at org.testng.TestNG.runSuites(TestNG.java:1063)
at org.testng.TestNG.run(TestNG.java:1031)
at org.testng.remote.AbstractRemoteTestNG.run(AbstractRemoteTestNG.java:115)
at org.testng.remote.RemoteTestNG.initAndRun(RemoteTestNG.java:251)
at org.testng.remote.RemoteTestNG.main(RemoteTestNG.java:77)
]]>
            </full-stacktrace>
          </exception> <!-- org.openqa.selenium.SessionNotCreatedException -->
          <reporter-output>
          </reporter-output>
        </test-method> <!-- CreatingContactwithLeadSource -->
        <test-method is-config="true" signature="afterMethodConfiguration()[pri:0, instance:contact.CreateContactTest@543588e6]" started-at="2024-10-26T08:43:07 IST" name="afterMethodConfiguration" finished-at="1970-01-01T05:30:00 IST" duration-ms="-1729912387996" status="SKIP">
          <reporter-output>
          </reporter-output>
        </test-method> <!-- afterMethodConfiguration -->
        <test-method is-config="true" signature="afterClassConfiguration()[pri:0, instance:contact.CreateContactTest@543588e6]" started-at="2024-10-26T08:43:08 IST" name="afterClassConfiguration" finished-at="1970-01-01T05:30:00 IST" duration-ms="-1729912388005" status="SKIP">
          <reporter-output>
          </reporter-output>
        </test-method> <!-- afterClassConfiguration -->
      </class> <!-- contact.CreateContactTest -->
    </test> <!-- Default test -->
  </suite> <!-- Default suite -->
</testng-results>
