<?xml version="1.0" encoding="UTF-8"?>
<!-- Generated by org.testng.reporters.JUnitReportReporter -->
<testsuite hostname="Kiran" failures="0" tests="3" name="contact.HomePageReports" time="25.437" errors="1" timestamp="2021-09-09T12:30:53 IST" skipped="2">
  <testcase classname="contact.HomePageReports" name="gettingHomePageTitle" time="0.000">
    <skipped/>
  </testcase> <!-- gettingHomePageTitle -->
  <system-out/>
  <testcase classname="contact.HomePageReports" name="gettingOrganizationPageTitle" time="0.000">
    <skipped/>
  </testcase> <!-- gettingOrganizationPageTitle -->
  <system-out/>
  <testcase classname="contact.HomePageReports" name="beforeClassConfiguration" time="25.437">
    <error message="session not created: This version of ChromeDriver only supports Chrome version 91
Current browser version is 93.0.4577.63 with binary path C:\Program Files\Google\Chrome\Application\chrome.exe
Build info: version: &#039;3.141.59&#039;, revision: &#039;e82be7d358&#039;, time: &#039;2018-11-14T08:17:03&#039;
System info: host: &#039;KIRAN&#039;, ip: &#039;192.168.52.1&#039;, os.name: &#039;Windows 10&#039;, os.arch: &#039;amd64&#039;, os.version: &#039;10.0&#039;, java.version: &#039;15.0.2&#039;
Driver info: driver.version: ChromeDriver
remote stacktrace: Backtrace:
	Ordinal0 [0x009D2DB3+2502067]
	Ordinal0 [0x0096C5B1+2082225]
	Ordinal0 [0x00872498+1057944]
	Ordinal0 [0x008905DA+1181146]
	Ordinal0 [0x0088C43C+1164348]
	Ordinal0 [0x00889C73+1154163]
	Ordinal0 [0x008B9A22+1350178]
	Ordinal0 [0x008B967A+1349242]
	Ordinal0 [0x008B5BEB+1334251]
	Ordinal0 [0x00892174+1188212]
	Ordinal0 [0x00893009+1191945]
	GetHandleVerifier [0x00B4EC5C+1511084]
	GetHandleVerifier [0x00BF8522+2205554]
	GetHandleVerifier [0x00A53393+480739]
	GetHandleVerifier [0x00A52579+477129]
	Ordinal0 [0x00971E5D+2104925]
	Ordinal0 [0x009763F8+2122744]
	Ordinal0 [0x00976537+2123063]
	Ordinal0 [0x0097EE53+2158163]
	BaseThreadInitThunk [0x76556359+25]
	RtlGetAppContainerNamedObjectPath [0x772D7C24+228]
	RtlGetAppContainerNamedObjectPath [0x772D7BF4+180]
" type="org.openqa.selenium.SessionNotCreatedException">
      <![CDATA[org.openqa.selenium.SessionNotCreatedException: session not created: This version of ChromeDriver only supports Chrome version 91
Current browser version is 93.0.4577.63 with binary path C:\Program Files\Google\Chrome\Application\chrome.exe
Build info: version: '3.141.59', revision: 'e82be7d358', time: '2018-11-14T08:17:03'
System info: host: 'KIRAN', ip: '192.168.52.1', os.name: 'Windows 10', os.arch: 'amd64', os.version: '10.0', java.version: '15.0.2'
Driver info: driver.version: ChromeDriver
remote stacktrace: Backtrace:
Ordinal0 [0x009D2DB3+2502067]
Ordinal0 [0x0096C5B1+2082225]
Ordinal0 [0x00872498+1057944]
Ordinal0 [0x008905DA+1181146]
Ordinal0 [0x0088C43C+1164348]
Ordinal0 [0x00889C73+1154163]
Ordinal0 [0x008B9A22+1350178]
Ordinal0 [0x008B967A+1349242]
Ordinal0 [0x008B5BEB+1334251]
Ordinal0 [0x00892174+1188212]
Ordinal0 [0x00893009+1191945]
GetHandleVerifier [0x00B4EC5C+1511084]
GetHandleVerifier [0x00BF8522+2205554]
GetHandleVerifier [0x00A53393+480739]
GetHandleVerifier [0x00A52579+477129]
Ordinal0 [0x00971E5D+2104925]
Ordinal0 [0x009763F8+2122744]
Ordinal0 [0x00976537+2123063]
Ordinal0 [0x0097EE53+2158163]
BaseThreadInitThunk [0x76556359+25]
RtlGetAppContainerNamedObjectPath [0x772D7C24+228]
RtlGetAppContainerNamedObjectPath [0x772D7BF4+180]

at java.base/jdk.internal.reflect.NativeConstructorAccessorImpl.newInstance0(Native Method)
at java.base/jdk.internal.reflect.NativeConstructorAccessorImpl.newInstance(NativeConstructorAccessorImpl.java:64)
at java.base/jdk.internal.reflect.DelegatingConstructorAccessorImpl.newInstance(DelegatingConstructorAccessorImpl.java:45)
at java.base/java.lang.reflect.Constructor.newInstanceWithCaller(Constructor.java:500)
at java.base/java.lang.reflect.Constructor.newInstance(Constructor.java:481)
at org.openqa.selenium.remote.W3CHandshakeResponse.lambda$errorHandler$0(W3CHandshakeResponse.java:62)
at org.openqa.selenium.remote.HandshakeResponse.lambda$getResponseFunction$0(HandshakeResponse.java:30)
at org.openqa.selenium.remote.ProtocolHandshake.lambda$createSession$0(ProtocolHandshake.java:126)
at java.base/java.util.stream.ReferencePipeline$3$1.accept(ReferencePipeline.java:195)
at java.base/java.util.Spliterators$ArraySpliterator.tryAdvance(Spliterators.java:958)
at java.base/java.util.stream.ReferencePipeline.forEachWithCancel(ReferencePipeline.java:127)
at java.base/java.util.stream.AbstractPipeline.copyIntoWithCancel(AbstractPipeline.java:502)
at java.base/java.util.stream.AbstractPipeline.copyInto(AbstractPipeline.java:488)
at java.base/java.util.stream.AbstractPipeline.wrapAndCopyInto(AbstractPipeline.java:474)
at java.base/java.util.stream.FindOps$FindOp.evaluateSequential(FindOps.java:150)
at java.base/java.util.stream.AbstractPipeline.evaluate(AbstractPipeline.java:234)
at java.base/java.util.stream.ReferencePipeline.findFirst(ReferencePipeline.java:543)
at org.openqa.selenium.remote.ProtocolHandshake.createSession(ProtocolHandshake.java:128)
at org.openqa.selenium.remote.ProtocolHandshake.createSession(ProtocolHandshake.java:74)
at org.openqa.selenium.remote.HttpCommandExecutor.execute(HttpCommandExecutor.java:136)
at org.openqa.selenium.remote.service.DriverCommandExecutor.execute(DriverCommandExecutor.java:83)
at org.openqa.selenium.remote.RemoteWebDriver.execute(RemoteWebDriver.java:552)
at org.openqa.selenium.remote.RemoteWebDriver.startSession(RemoteWebDriver.java:213)
at org.openqa.selenium.remote.RemoteWebDriver.<init>(RemoteWebDriver.java:131)
at org.openqa.selenium.chrome.ChromeDriver.<init>(ChromeDriver.java:181)
at org.openqa.selenium.chrome.ChromeDriver.<init>(ChromeDriver.java:168)
at org.openqa.selenium.chrome.ChromeDriver.<init>(ChromeDriver.java:123)
at contact.ExtendBase.beforeClassConfiguration(ExtendBase.java:48)
at java.base/jdk.internal.reflect.NativeMethodAccessorImpl.invoke0(Native Method)
at java.base/jdk.internal.reflect.NativeMethodAccessorImpl.invoke(NativeMethodAccessorImpl.java:64)
at java.base/jdk.internal.reflect.DelegatingMethodAccessorImpl.invoke(DelegatingMethodAccessorImpl.java:43)
at java.base/java.lang.reflect.Method.invoke(Method.java:564)
at org.testng.internal.MethodInvocationHelper.invokeMethod(MethodInvocationHelper.java:133)
at org.testng.internal.MethodInvocationHelper.invokeMethodConsideringTimeout(MethodInvocationHelper.java:62)
at org.testng.internal.ConfigInvoker.invokeConfigurationMethod(ConfigInvoker.java:385)
at org.testng.internal.ConfigInvoker.invokeConfigurations(ConfigInvoker.java:321)
at org.testng.internal.TestMethodWorker.invokeBeforeClassMethods(TestMethodWorker.java:176)
at org.testng.internal.TestMethodWorker.run(TestMethodWorker.java:122)
at java.base/java.util.ArrayList.forEach(ArrayList.java:1511)
at org.testng.TestRunner.privateRun(TestRunner.java:794)
at org.testng.TestRunner.run(TestRunner.java:596)
at org.testng.SuiteRunner.runTest(SuiteRunner.java:377)
at org.testng.SuiteRunner.runSequentially(SuiteRunner.java:371)
at org.testng.SuiteRunner.privateRun(SuiteRunner.java:332)
at org.testng.SuiteRunner.run(SuiteRunner.java:276)
at org.testng.SuiteRunnerWorker.runSuite(SuiteRunnerWorker.java:53)
at org.testng.SuiteRunnerWorker.run(SuiteRunnerWorker.java:96)
at org.testng.TestNG.runSuitesSequentially(TestNG.java:1212)
at org.testng.TestNG.runSuitesLocally(TestNG.java:1134)
at org.testng.TestNG.runSuites(TestNG.java:1063)
at org.testng.TestNG.run(TestNG.java:1031)
at org.testng.remote.AbstractRemoteTestNG.run(AbstractRemoteTestNG.java:115)
at org.testng.remote.RemoteTestNG.initAndRun(RemoteTestNG.java:251)
at org.testng.remote.RemoteTestNG.main(RemoteTestNG.java:77)
]]>
    </error>
  </testcase> <!-- beforeClassConfiguration -->
  <system-out/>
</testsuite> <!-- contact.HomePageReports -->
